#
# There is insufficient memory for the Java Runtime Environment to continue.
# Native memory allocation (malloc) failed to allocate 1048576 bytes for AllocateHeap
# Possible reasons:
#   The system is out of physical RAM or swap space
#   The process is running with CompressedOops enabled, and the Java Heap may be blocking the growth of the native heap
# Possible solutions:
#   Reduce memory load on the system
#   Increase physical memory or swap space
#   Check if swap backing store is full
#   Decrease Java heap size (-Xmx/-Xms)
#   Decrease number of Java threads
#   Decrease Java thread stack sizes (-Xss)
#   Set larger code cache with -XX:ReservedCodeCacheSize=
#   JVM is running with Unscaled Compressed Oops mode in which the Java heap is
#     placed in the first 4GB address space. The Java Heap base address is the
#     maximum limit for the native heap growth. Please use -XX:HeapBaseMinAddress
#     to set the Java Heap base and to place the Java Heap above 4GB virtual address.
# This output file may be truncated or incomplete.
#
#  Out of Memory Error (memory/allocation.inline.hpp:61), pid=324, tid=0x00000000000005ac
#
# JRE version:  (8.0_242-b01) (build )
# Java VM: OpenJDK 64-Bit Server VM (25.242-b01 mixed mode windows-amd64 compressed oops)
# Failed to write core dump. Minidumps are not enabled by default on client versions of Windows
#

---------------  T H R E A D  ---------------

Current thread (0x00000000009fe000):  JavaThread "Unknown thread" [_thread_in_vm, id=1452, stack(0x00000000029d0000,0x0000000002ad0000)]

Stack: [0x00000000029d0000,0x0000000002ad0000]
[error occurred during error reporting (printing stack bounds), id 0xc0000005]

Native frames: (J=compiled Java code, j=interpreted, Vv=VM code, C=native code)


---------------  P R O C E S S  ---------------

Java Threads: ( => current thread )

Other Threads:

=>0x00000000009fe000 (exited) JavaThread "Unknown thread" [_thread_in_vm, id=1452, stack(0x00000000029d0000,0x0000000002ad0000)]

VM state:not at safepoint (normal execution)

VM Mutex/Monitor currently owned by a thread: None

heap address: 0x00000000c1c00000, size: 996 MB, Compressed Oops mode: 32-bit
Narrow klass base: 0x0000000000000000, Narrow klass shift: 3
Compressed class space size: 1073741824 Address: 0x0000000100000000

Heap:
 PSYoungGen      total 18944K, used 327K [0x00000000eb400000, 0x00000000ec900000, 0x0000000100000000)
  eden space 16384K, 2% used [0x00000000eb400000,0x00000000eb451ec8,0x00000000ec400000)
  from space 2560K, 0% used [0x00000000ec680000,0x00000000ec680000,0x00000000ec900000)
  to   space 2560K, 0% used [0x00000000ec400000,0x00000000ec400000,0x00000000ec680000)
 ParOldGen       total 44032K, used 0K [0x00000000c1c00000, 0x00000000c4700000, 0x00000000eb400000)
  object space 44032K, 0% used [0x00000000c1c00000,0x00000000c1c00000,0x00000000c4700000)
 Metaspace       used 779K, capacity 4480K, committed 4480K, reserved 1056768K
  class space    used 74K, capacity 384K, committed 384K, reserved 1048576K

Card table byte_map: [0x0000000011fd0000,0x00000000121d0000] byte_map_base: 0x00000000119c2000

Marking Bits: (ParMarkBitMap*) 0x0000000070bef030
 Begin Bits: [0x0000000012b20000, 0x0000000013ab0000)
 End Bits:   [0x0000000013ab0000, 0x0000000014a40000)

Polling page: 0x0000000002ae0000

CodeCache: size=245760Kb used=328Kb max_used=328Kb free=245431Kb
 bounds [0x0000000002c10000, 0x0000000002e80000, 0x0000000011c10000]
 total_blobs=57 nmethods=0 adapters=38
 compilation: enabled

Compilation events (0 events):
No events

GC Heap History (0 events):
No events

Deoptimization events (0 events):
No events

Classes redefined (0 events):
No events

Internal exceptions (0 events):
No events

Events (10 events):
Event: 0.020 loading class java/lang/Short
Event: 0.020 loading class java/lang/Short done
Event: 0.020 loading class java/lang/Integer
Event: 0.021 loading class java/lang/Integer done
Event: 0.021 loading class java/lang/Long
Event: 0.021 loading class java/lang/Long done
Event: 0.021 loading class java/lang/NullPointerException
Event: 0.021 loading class java/lang/NullPointerException done
Event: 0.021 loading class java/lang/ArithmeticException
Event: 0.021 loading class java/lang/ArithmeticException done


Dynamic libraries:
0x00007ff7a1c80000 - 0x00007ff7a1cb1000 	C:\Program Files\Android\Android Studio\jre\jre\bin\java.exe
0x00007ffa46370000 - 0x00007ffa46565000 	C:\WINDOWS\SYSTEM32\ntdll.dll
0x00007ffa45300000 - 0x00007ffa453bd000 	C:\WINDOWS\System32\KERNEL32.DLL
0x00007ffa43ab0000 - 0x00007ffa43d78000 	C:\WINDOWS\System32\KERNELBASE.dll
0x00007ffa44df0000 - 0x00007ffa44e9c000 	C:\WINDOWS\System32\ADVAPI32.dll
0x00007ffa453c0000 - 0x00007ffa4545e000 	C:\WINDOWS\System32\msvcrt.dll
0x00007ffa451b0000 - 0x00007ffa4524b000 	C:\WINDOWS\System32\sechost.dll
0x00007ffa456a0000 - 0x00007ffa457cb000 	C:\WINDOWS\System32\RPCRT4.dll
0x00007ffa44500000 - 0x00007ffa446a0000 	C:\WINDOWS\System32\USER32.dll
0x00007ffa43f70000 - 0x00007ffa43f92000 	C:\WINDOWS\System32\win32u.dll
0x00007ffa45ec0000 - 0x00007ffa45eea000 	C:\WINDOWS\System32\GDI32.dll
0x00007ffa44240000 - 0x00007ffa4434b000 	C:\WINDOWS\System32\gdi32full.dll
0x00007ffa43fa0000 - 0x00007ffa4403d000 	C:\WINDOWS\System32\msvcp_win.dll
0x00007ffa44140000 - 0x00007ffa44240000 	C:\WINDOWS\System32\ucrtbase.dll
0x00007ffa3ba30000 - 0x00007ffa3bcca000 	C:\WINDOWS\WinSxS\amd64_microsoft.windows.common-controls_6595b64144ccf1df_6.0.19041.844_none_ca00b6081b84eb1d\COMCTL32.dll
0x00007ffa45060000 - 0x00007ffa45090000 	C:\WINDOWS\System32\IMM32.DLL
0x0000000070340000 - 0x0000000070412000 	C:\Program Files\Android\Android Studio\jre\jre\bin\msvcr100.dll
0x0000000070420000 - 0x0000000070c6b000 	C:\Program Files\Android\Android Studio\jre\jre\bin\server\jvm.dll
0x00007ffa44ea0000 - 0x00007ffa44ea8000 	C:\WINDOWS\System32\PSAPI.DLL
0x00007ffa2ef90000 - 0x00007ffa2ef99000 	C:\WINDOWS\SYSTEM32\WSOCK32.dll
0x00007ffa3c870000 - 0x00007ffa3c897000 	C:\WINDOWS\SYSTEM32\WINMM.dll
0x00007ffa45140000 - 0x00007ffa451ab000 	C:\WINDOWS\System32\WS2_32.dll
0x00007ffa3a9e0000 - 0x00007ffa3a9ea000 	C:\WINDOWS\SYSTEM32\VERSION.dll
0x00007ffa3d920000 - 0x00007ffa3d92f000 	C:\Program Files\Android\Android Studio\jre\jre\bin\verify.dll
0x00007ffa1d3f0000 - 0x00007ffa1d419000 	C:\Program Files\Android\Android Studio\jre\jre\bin\java.dll
0x00007ffa178e0000 - 0x00007ffa178f6000 	C:\Program Files\Android\Android Studio\jre\jre\bin\zip.dll

VM Arguments:
java_command: org.jetbrains.git4idea.http.GitAskPassApp Username for 'https://github.com': 
java_class_path (initial): C:/Program Files/Android/Android Studio/plugins/git4idea/lib/git4idea-rt.jar;C:/Program Files/Android/Android Studio/lib/xmlrpc-2.0.1.jar;C:/Program Files/Android/Android Studio/lib/commons-codec-1.14.jar;C:/Program Files/Android/Android Studio/lib/util.jar
Launcher Type: SUN_STANDARD

Environment Variables:
JAVA_HOME=C:\PROGRA~1\Java\JDK-15~1.1
PATH=C:\Program Files\Git\mingw64\libexec\git-core;C:\Program Files\Git\mingw64\libexec\git-core;C:\Program Files\Git\mingw64\bin;C:\Program Files\Git\usr\bin;C:\Users\asus\bin;C:\Program Files\Common Files\Oracle\Java\javapath;C:\WINDOWS\system32;C:\WINDOWS;C:\WINDOWS\System32\Wbem;C:\WINDOWS\System32\WindowsPowerShell\v1.0;C:\WINDOWS\System32\OpenSSH;C:\Program Files\Intel\WiFi\bin;C:\Program Files\Common Files\Intel\WirelessCommon;C:\Program Files\nodejs;C:\Program Files\Git\cmd;C:\Program Files\MySQL\MySQL Shell 8.0\bin;C:\Users\asus\AppData\Local\Microsoft\WindowsApps;C:\Users\asus\AppData\Roaming\npm;C:\Users\asus\AppData\Local\Programs\Microsoft VS Code\bin;C:\Program Files\heroku\bin
USERNAME=asus
DISPLAY=:0.0
OS=Windows_NT
PROCESSOR_IDENTIFIER=Intel64 Family 6 Model 142 Stepping 10, GenuineIntel



---------------  S Y S T E M  ---------------

OS: Windows 10.0 , 64 bit Build 19041 (10.0.19041.928)

CPU:total 8 (initial active 8) (4 cores per cpu, 2 threads per core) family 6 model 142 stepping 10, cmov, cx8, fxsr, mmx, sse, sse2, sse3, ssse3, sse4.1, sse4.2, popcnt, avx, avx2, aes, clmul, erms, 3dnowpref, lzcnt, ht, tsc, tscinvbit, bmi1, bmi2, adx

Memory: 4k page, physical 4074556k(249416k free), swap 16657468k(5152k free)

vm_info: OpenJDK 64-Bit Server VM (25.242-b01) for windows-amd64 JRE (1.8.0_242-release-1644-b01), built by "builder" with MS VC++ 10.0 (VS2010)

time: Tue Jun 08 10:58:32 2021
timezone: GMT Daylight Time
elapsed time: 0 seconds (0d 0h 0m 0s)

